SF:lib/src/features/auth/data/datasources/auth_remote_datasource.dart
DA:9,0
DA:12,0
DA:15,0
DA:18,0
DA:21,0
DA:31,0
LF:6
LH:0
end_of_record
SF:lib/src/core/errors.dart
DA:3,3
DA:7,3
DA:11,0
LF:3
LH:2
end_of_record
SF:lib/src/core/network/dio_client.dart
DA:8,0
DA:9,0
DA:10,0
DA:14,0
DA:18,0
DA:21,0
LF:6
LH:0
end_of_record
SF:lib/src/core/network/dio_logger.dart
DA:46,0
DA:58,0
DA:61,0
DA:62,0
DA:64,0
DA:65,0
DA:66,0
DA:67,0
DA:68,0
DA:69,0
DA:70,0
DA:71,0
DA:72,0
DA:73,0
DA:75,0
DA:76,0
DA:78,0
DA:79,0
DA:81,0
DA:82,0
DA:83,0
DA:84,0
DA:85,0
DA:87,0
DA:90,0
DA:96,0
DA:99,0
DA:102,0
DA:103,0
DA:104,0
DA:105,0
DA:107,0
DA:108,0
DA:110,0
DA:111,0
DA:112,0
DA:114,0
DA:115,0
DA:117,0
DA:122,0
DA:125,0
DA:128,0
DA:129,0
DA:130,0
DA:131,0
DA:132,0
DA:133,0
DA:136,0
DA:137,0
DA:138,0
DA:139,0
DA:140,0
DA:141,0
DA:145,0
DA:148,0
DA:149,0
DA:150,0
DA:151,0
DA:152,0
DA:155,0
DA:156,0
DA:157,0
DA:158,0
DA:159,0
DA:160,0
DA:161,0
DA:162,0
DA:163,0
DA:164,0
DA:165,0
DA:166,0
DA:168,0
DA:173,0
DA:174,0
DA:175,0
DA:176,0
DA:178,0
DA:179,0
DA:183,0
DA:184,0
DA:185,0
DA:186,0
DA:189,0
DA:190,0
DA:192,0
DA:193,0
DA:194,0
DA:196,0
DA:197,0
DA:198,0
DA:200,0
DA:204,0
DA:205,0
DA:206,0
DA:207,0
DA:208,0
DA:209,0
DA:210,0
DA:211,0
DA:217,0
DA:219,0
DA:226,0
DA:227,0
DA:228,0
DA:230,0
DA:232,0
DA:233,0
DA:234,0
DA:235,0
DA:236,0
DA:238,0
DA:239,0
DA:240,0
DA:242,0
DA:243,0
DA:245,0
DA:246,0
DA:247,0
DA:249,0
DA:250,0
DA:251,0
DA:254,0
DA:255,0
DA:256,0
DA:257,0
DA:258,0
DA:259,0
DA:260,0
DA:261,0
DA:265,0
DA:270,0
DA:273,0
DA:274,0
DA:275,0
DA:276,0
DA:277,0
DA:278,0
DA:280,0
DA:282,0
DA:288,0
DA:293,0
DA:294,0
DA:295,0
DA:296,0
DA:297,0
DA:299,0
DA:303,0
DA:304,0
DA:308,0
DA:309,0
DA:310,0
DA:311,0
DA:312,0
DA:315,0
DA:316,0
DA:319,0
DA:320,0
DA:321,0
DA:322,0
DA:323,0
DA:325,0
LF:161
LH:0
end_of_record
SF:lib/src/features/auth/data/models/authenticate_model.dart
DA:9,2
DA:15,1
DA:16,1
DA:17,1
DA:18,1
DA:19,3
DA:24,2
DA:25,2
DA:26,2
DA:27,2
DA:28,4
DA:32,1
DA:33,4
LF:13
LH:13
end_of_record
SF:lib/src/features/auth/data/models/user_model.dart
DA:10,3
DA:17,2
DA:18,2
DA:19,2
DA:20,2
DA:21,2
DA:22,2
DA:26,1
DA:27,4
DA:31,3
DA:32,12
DA:35,1
DA:36,5
LF:13
LH:13
end_of_record
SF:lib/src/features/auth/data/repositories/auth_repository_impl.dart
DA:8,1
DA:10,1
DA:16,2
DA:17,1
DA:19,1
DA:20,1
DA:21,3
LF:7
LH:7
end_of_record
SF:lib/src/features/auth/domain/entities/authenticate.dart
DA:10,4
DA:16,1
DA:17,4
LF:3
LH:3
end_of_record
SF:lib/src/features/auth/domain/entities/user.dart
DA:8,3
DA:10,1
DA:11,4
LF:3
LH:3
end_of_record
SF:lib/src/features/auth/domain/usecases/login_usecase.dart
DA:8,1
DA:10,1
DA:14,2
LF:3
LH:3
end_of_record
SF:lib/src/features/auth/presentation/blocs/login/login_state.dart
DA:4,2
DA:6,2
DA:7,2
LF:3
LH:3
end_of_record
SF:lib/src/features/auth/presentation/blocs/login/login_event.dart
DA:4,2
DA:6,1
DA:7,1
LF:3
LH:3
end_of_record
SF:lib/src/features/auth/presentation/blocs/login/login_bloc.dart
DA:15,3
DA:16,2
DA:22,1
DA:26,2
DA:27,2
DA:28,2
DA:29,2
DA:32,1
DA:33,1
DA:34,2
DA:36,1
DA:37,3
DA:38,2
DA:40,1
DA:43,2
LF:15
LH:15
end_of_record
